app/build/intermediates/manifest_merge_blame_file/debug/manifest-merger-blame-debug-report.txt
1<?xml version="1.0" encoding="utf-8"?>
2<manifest xmlns:android="http://schemas.android.com/apk/res/android"
3    package="com.dvora.finalproject"
4    android:versionCode="1"
5    android:versionName="1.0" >
6
7    <uses-sdk
8        android:minSdkVersion="19"
8-->src\main\AndroidManifest.xml
9        android:targetSdkVersion="29" />
9-->src\main\AndroidManifest.xml
10
11    <uses-permission android:name="android.permission.INTERNET" />
11-->src\main\AndroidManifest.xml:5:5-67
11-->src\main\AndroidManifest.xml:5:22-64
12
13    <!-- Although the *SdkVersion is captured in gradle build files, this is required for non gradle builds -->
14    <!-- <uses-sdk android:minSdkVersion="14"/> -->
15    <uses-permission android:name="android.permission.ACCESS_NETWORK_STATE" />
15-->[com.google.firebase:firebase-database:19.6.0] AndroidManifest.xml:25:5-79
15-->[com.google.firebase:firebase-database:19.6.0] AndroidManifest.xml:25:22-76
16
17    <application
17-->src\main\AndroidManifest.xml:7:5-24:19
18        android:allowBackup="true"
18-->src\main\AndroidManifest.xml:8:9-35
19        android:appComponentFactory="androidx.core.app.CoreComponentFactory"
19-->[androidx.core:core:1.7.0] AndroidManifest.xml:24:18-86
20        android:debuggable="true"
21        android:icon="@mipmap/ic_launcher"
21-->src\main\AndroidManifest.xml:9:9-43
22        android:label="@string/app_name"
22-->src\main\AndroidManifest.xml:10:9-41
23        android:roundIcon="@mipmap/ic_launcher_round"
23-->src\main\AndroidManifest.xml:11:9-54
24        android:supportsRtl="true"
24-->src\main\AndroidManifest.xml:12:9-35
25        android:testOnly="true"
26        android:theme="@style/Theme.FinalProject" >
26-->src\main\AndroidManifest.xml:13:9-50
27        <activity
27-->src\main\AndroidManifest.xml:14:9-15:64
28            android:name="com.dvora.finalproject.activities.MainActivity"
28-->src\main\AndroidManifest.xml:14:19-58
29            android:windowSoftInputMode="adjustPan" />
29-->src\main\AndroidManifest.xml:15:13-52
30        <activity android:name="com.dvora.finalproject.Login" />
30-->src\main\AndroidManifest.xml:16:9-43
30-->src\main\AndroidManifest.xml:16:19-40
31        <activity android:name="com.dvora.finalproject.Register" >
31-->src\main\AndroidManifest.xml:17:9-23:20
31-->src\main\AndroidManifest.xml:17:19-43
32            <intent-filter>
32-->src\main\AndroidManifest.xml:18:13-22:29
33                <action android:name="android.intent.action.MAIN" />
33-->src\main\AndroidManifest.xml:19:17-69
33-->src\main\AndroidManifest.xml:19:25-66
34
35                <category android:name="android.intent.category.LAUNCHER" />
35-->src\main\AndroidManifest.xml:21:17-77
35-->src\main\AndroidManifest.xml:21:27-74
36            </intent-filter>
37        </activity>
38
39        <service
39-->[com.google.firebase:firebase-database:19.6.0] AndroidManifest.xml:29:9-35:19
40            android:name="com.google.firebase.components.ComponentDiscoveryService"
40-->[com.google.firebase:firebase-database:19.6.0] AndroidManifest.xml:30:13-84
41            android:directBootAware="true"
41-->[com.google.firebase:firebase-common:19.5.0] AndroidManifest.xml:35:13-43
42            android:exported="false" >
42-->[com.google.firebase:firebase-database:19.6.0] AndroidManifest.xml:31:13-37
43            <meta-data
43-->[com.google.firebase:firebase-database:19.6.0] AndroidManifest.xml:32:13-34:85
44                android:name="com.google.firebase.components:com.google.firebase.database.DatabaseRegistrar"
44-->[com.google.firebase:firebase-database:19.6.0] AndroidManifest.xml:33:17-109
45                android:value="com.google.firebase.components.ComponentRegistrar" />
45-->[com.google.firebase:firebase-database:19.6.0] AndroidManifest.xml:34:17-82
46            <meta-data
46-->[com.google.firebase:firebase-auth:20.0.2] AndroidManifest.xml:77:13-79:85
47                android:name="com.google.firebase.components:com.google.firebase.auth.FirebaseAuthRegistrar"
47-->[com.google.firebase:firebase-auth:20.0.2] AndroidManifest.xml:78:17-109
48                android:value="com.google.firebase.components.ComponentRegistrar" />
48-->[com.google.firebase:firebase-auth:20.0.2] AndroidManifest.xml:79:17-82
49            <!--
50                This registrar is not defined in the dynamic-module-support sdk itself to allow non-firebase
51                clients to use it as well, by defining this registrar in their own core/common library.
52            -->
53            <meta-data
53-->[com.google.firebase:firebase-common:19.5.0] AndroidManifest.xml:43:13-45:85
54                android:name="com.google.firebase.components:com.google.firebase.dynamicloading.DynamicLoadingRegistrar"
54-->[com.google.firebase:firebase-common:19.5.0] AndroidManifest.xml:44:17-121
55                android:value="com.google.firebase.components.ComponentRegistrar" />
55-->[com.google.firebase:firebase-common:19.5.0] AndroidManifest.xml:45:17-82
56        </service>
57
58        <activity
58-->[com.google.firebase:firebase-auth:20.0.2] AndroidManifest.xml:27:9-44:20
59            android:name="com.google.firebase.auth.internal.GenericIdpActivity"
59-->[com.google.firebase:firebase-auth:20.0.2] AndroidManifest.xml:28:13-80
60            android:excludeFromRecents="true"
60-->[com.google.firebase:firebase-auth:20.0.2] AndroidManifest.xml:29:13-46
61            android:exported="true"
61-->[com.google.firebase:firebase-auth:20.0.2] AndroidManifest.xml:30:13-36
62            android:launchMode="singleTask"
62-->[com.google.firebase:firebase-auth:20.0.2] AndroidManifest.xml:31:13-44
63            android:theme="@android:style/Theme.Translucent.NoTitleBar" >
63-->[com.google.firebase:firebase-auth:20.0.2] AndroidManifest.xml:32:13-72
64            <intent-filter>
64-->[com.google.firebase:firebase-auth:20.0.2] AndroidManifest.xml:33:13-43:29
65                <action android:name="android.intent.action.VIEW" />
65-->[com.google.firebase:firebase-auth:20.0.2] AndroidManifest.xml:34:17-69
65-->[com.google.firebase:firebase-auth:20.0.2] AndroidManifest.xml:34:25-66
66
67                <category android:name="android.intent.category.DEFAULT" />
67-->[com.google.firebase:firebase-auth:20.0.2] AndroidManifest.xml:36:17-76
67-->[com.google.firebase:firebase-auth:20.0.2] AndroidManifest.xml:36:27-73
68                <category android:name="android.intent.category.BROWSABLE" />
68-->[com.google.firebase:firebase-auth:20.0.2] AndroidManifest.xml:37:17-78
68-->[com.google.firebase:firebase-auth:20.0.2] AndroidManifest.xml:37:27-75
69
70                <data
70-->[com.google.firebase:firebase-auth:20.0.2] AndroidManifest.xml:39:17-42:51
71                    android:host="firebase.auth"
71-->[com.google.firebase:firebase-auth:20.0.2] AndroidManifest.xml:40:21-49
72                    android:path="/"
72-->[com.google.firebase:firebase-auth:20.0.2] AndroidManifest.xml:41:21-37
73                    android:scheme="genericidp" />
73-->[com.google.firebase:firebase-auth:20.0.2] AndroidManifest.xml:42:21-48
74            </intent-filter>
75        </activity>
76        <activity
76-->[com.google.firebase:firebase-auth:20.0.2] AndroidManifest.xml:45:9-62:20
77            android:name="com.google.firebase.auth.internal.RecaptchaActivity"
77-->[com.google.firebase:firebase-auth:20.0.2] AndroidManifest.xml:46:13-79
78            android:excludeFromRecents="true"
78-->[com.google.firebase:firebase-auth:20.0.2] AndroidManifest.xml:47:13-46
79            android:exported="true"
79-->[com.google.firebase:firebase-auth:20.0.2] AndroidManifest.xml:48:13-36
80            android:launchMode="singleTask"
80-->[com.google.firebase:firebase-auth:20.0.2] AndroidManifest.xml:49:13-44
81            android:theme="@android:style/Theme.Translucent.NoTitleBar" >
81-->[com.google.firebase:firebase-auth:20.0.2] AndroidManifest.xml:50:13-72
82            <intent-filter>
82-->[com.google.firebase:firebase-auth:20.0.2] AndroidManifest.xml:51:13-61:29
83                <action android:name="android.intent.action.VIEW" />
83-->[com.google.firebase:firebase-auth:20.0.2] AndroidManifest.xml:34:17-69
83-->[com.google.firebase:firebase-auth:20.0.2] AndroidManifest.xml:34:25-66
84
85                <category android:name="android.intent.category.DEFAULT" />
85-->[com.google.firebase:firebase-auth:20.0.2] AndroidManifest.xml:36:17-76
85-->[com.google.firebase:firebase-auth:20.0.2] AndroidManifest.xml:36:27-73
86                <category android:name="android.intent.category.BROWSABLE" />
86-->[com.google.firebase:firebase-auth:20.0.2] AndroidManifest.xml:37:17-78
86-->[com.google.firebase:firebase-auth:20.0.2] AndroidManifest.xml:37:27-75
87
88                <data
88-->[com.google.firebase:firebase-auth:20.0.2] AndroidManifest.xml:39:17-42:51
89                    android:host="firebase.auth"
89-->[com.google.firebase:firebase-auth:20.0.2] AndroidManifest.xml:40:21-49
90                    android:path="/"
90-->[com.google.firebase:firebase-auth:20.0.2] AndroidManifest.xml:41:21-37
91                    android:scheme="recaptcha" />
91-->[com.google.firebase:firebase-auth:20.0.2] AndroidManifest.xml:42:21-48
92            </intent-filter>
93        </activity>
94
95        <service
95-->[com.google.firebase:firebase-auth:20.0.2] AndroidManifest.xml:64:9-73:19
96            android:name="com.google.firebase.auth.api.fallback.service.FirebaseAuthFallbackService"
96-->[com.google.firebase:firebase-auth:20.0.2] AndroidManifest.xml:65:13-101
97            android:enabled="true"
97-->[com.google.firebase:firebase-auth:20.0.2] AndroidManifest.xml:66:13-35
98            android:exported="false" >
98-->[com.google.firebase:firebase-auth:20.0.2] AndroidManifest.xml:67:13-37
99            <intent-filter>
99-->[com.google.firebase:firebase-auth:20.0.2] AndroidManifest.xml:68:13-72:29
100                <action android:name="com.google.firebase.auth.api.gms.service.START" />
100-->[com.google.firebase:firebase-auth:20.0.2] AndroidManifest.xml:69:17-89
100-->[com.google.firebase:firebase-auth:20.0.2] AndroidManifest.xml:69:25-86
101
102                <category android:name="android.intent.category.DEFAULT" />
102-->[com.google.firebase:firebase-auth:20.0.2] AndroidManifest.xml:36:17-76
102-->[com.google.firebase:firebase-auth:20.0.2] AndroidManifest.xml:36:27-73
103            </intent-filter>
104        </service>
105
106        <activity
106-->[com.google.android.gms:play-services-base:17.1.0] AndroidManifest.xml:23:9-26:75
107            android:name="com.google.android.gms.common.api.GoogleApiActivity"
107-->[com.google.android.gms:play-services-base:17.1.0] AndroidManifest.xml:24:13-79
108            android:exported="false"
108-->[com.google.android.gms:play-services-base:17.1.0] AndroidManifest.xml:25:13-37
109            android:theme="@android:style/Theme.Translucent.NoTitleBar" />
109-->[com.google.android.gms:play-services-base:17.1.0] AndroidManifest.xml:26:13-72
110
111        <provider
111-->[com.google.firebase:firebase-common:19.5.0] AndroidManifest.xml:26:9-31:39
112            android:name="com.google.firebase.provider.FirebaseInitProvider"
112-->[com.google.firebase:firebase-common:19.5.0] AndroidManifest.xml:27:13-77
113            android:authorities="com.dvora.finalproject.firebaseinitprovider"
113-->[com.google.firebase:firebase-common:19.5.0] AndroidManifest.xml:28:13-72
114            android:directBootAware="true"
114-->[com.google.firebase:firebase-common:19.5.0] AndroidManifest.xml:29:13-43
115            android:exported="false"
115-->[com.google.firebase:firebase-common:19.5.0] AndroidManifest.xml:30:13-37
116            android:initOrder="100" />
116-->[com.google.firebase:firebase-common:19.5.0] AndroidManifest.xml:31:13-36
117
118        <meta-data
118-->[com.google.android.gms:play-services-basement:17.1.0] AndroidManifest.xml:23:9-25:69
119            android:name="com.google.android.gms.version"
119-->[com.google.android.gms:play-services-basement:17.1.0] AndroidManifest.xml:24:13-58
120            android:value="@integer/google_play_services_version" />
120-->[com.google.android.gms:play-services-basement:17.1.0] AndroidManifest.xml:25:13-66
121
122        <provider
122-->[androidx.emoji2:emoji2:1.0.0] AndroidManifest.xml:26:9-34:20
123            android:name="androidx.startup.InitializationProvider"
123-->[androidx.emoji2:emoji2:1.0.0] AndroidManifest.xml:27:13-67
124            android:authorities="com.dvora.finalproject.androidx-startup"
124-->[androidx.emoji2:emoji2:1.0.0] AndroidManifest.xml:28:13-68
125            android:exported="false" >
125-->[androidx.emoji2:emoji2:1.0.0] AndroidManifest.xml:29:13-37
126            <meta-data
126-->[androidx.emoji2:emoji2:1.0.0] AndroidManifest.xml:31:13-33:52
127                android:name="androidx.emoji2.text.EmojiCompatInitializer"
127-->[androidx.emoji2:emoji2:1.0.0] AndroidManifest.xml:32:17-75
128                android:value="androidx.startup" />
128-->[androidx.emoji2:emoji2:1.0.0] AndroidManifest.xml:33:17-49
129            <meta-data
129-->[androidx.lifecycle:lifecycle-process:2.4.0] AndroidManifest.xml:31:13-33:52
130                android:name="androidx.lifecycle.ProcessLifecycleInitializer"
130-->[androidx.lifecycle:lifecycle-process:2.4.0] AndroidManifest.xml:32:17-78
131                android:value="androidx.startup" />
131-->[androidx.lifecycle:lifecycle-process:2.4.0] AndroidManifest.xml:33:17-49
132        </provider>
133    </application>
134
135</manifest>